xmelab(64): 23.03-s013: (c) Copyright 1995-2024 Cadence Design Systems, Inc.
TOOL:	xmelab(64)	23.03-s013: Started on Oct 04, 2024 at 11:40:03 KST
xmelab
    -MESS
    -access +rwc
    tb_mux4x1

	Elaborating the design hierarchy:
		Caching library 'MUX4X1_lib' ....... Done
	Building instance overlay tables: .................... Done
	Generating native compiled code:
		MUX4X1_lib.MUX4X1:module <0x0a1628f0>
			streams:   0, words:     0
		MUX4X1_lib.tb_mux4x1:module <0x5896e698>
			streams:   8, words:  9913
	Building instance specific data structures.
	Loading native compiled code:     .................... Done
	Design hierarchy summary:
		                 Instances  Unique
		Modules:                 2       2
		Registers:               6       6
		Scalar wires:            7       -
		Initial blocks:          1       1
		Cont. assignments:       0       1
		Pseudo assignments:      6       -
		Simulation timescale:  1ps
	Writing initial simulation snapshot: MUX4X1_lib.tb_mux4x1:module
TOOL:	xmelab(64)	23.03-s013: Exiting on Oct 04, 2024 at 11:40:04 KST  (total: 00:00:01)
