xmsim(64): 23.03-s013: (c) Copyright 1995-2024 Cadence Design Systems, Inc.
TOOL:	xmsim(64)	23.03-s013: Started on Oct 04, 2024 at 12:33:15 KST
xmsim
    -MESS
    tb_sn74ls11
    -gui

xmsim: *W,NOMTDGUI: Multi-Threaded Dumping is disabled for interactive debug mode.

-------------------------------------
Relinquished control to SimVision...
xcelium> 
xcelium> database -open waves -into waves.shm -default
Created default SHM database waves
xcelium> probe -create -shm tb_sn74ls11.in_1A tb_sn74ls11.in_1B tb_sn74ls11.in_1C tb_sn74ls11.out_1Y
Created probe 1
xcelium> run
Simulation complete via $finish(1) at time 90 NS + 0
./tb_sn74ls.v:43 	$finish;
xcelium> ^C
xcelium> exit
TOOL:	xmsim(64)	23.03-s013: Exiting on Oct 04, 2024 at 12:34:05 KST  (total: 00:00:50)
